<?xml version="1.0" encoding="UTF-8"?>
<testsuite name="com.topster.tv.player.VideoStateControllerTest" tests="3" skipped="0" failures="0" errors="0" timestamp="2025-12-21T00:18:59" hostname="gentoo" time="22.716">
  <properties/>
  <testcase name="should trigger save after 180 ticks" classname="com.topster.tv.player.VideoStateControllerTest" time="21.072"/>
  <testcase name="should reset tick counter on new video" classname="com.topster.tv.player.VideoStateControllerTest" time="0.07"/>
  <testcase name="should restore saved position" classname="com.topster.tv.player.VideoStateControllerTest" time="1.574"/>
  <system-out><![CDATA[]]></system-out>
  <system-err><![CDATA[]]></system-err>
</testsuite>
